<?xml version="1.0" encoding="utf-8"?><testsuites name="pytest tests"><testsuite name="pytest" errors="0" failures="0" skipped="0" tests="16" time="0.791" timestamp="2026-06-03T23:08:01.772593+00:00" hostname="agent-env-13dcdf1b-9247-49b0-922b-48b57c867a54"><testcase classname="backend.tests.test_analytics" name="test_kpis" time="0.019" /><testcase classname="backend.tests.test_analytics" name="test_kpis_filtered_unidade" time="0.016" /><testcase classname="backend.tests.test_analytics" name="test_weekly" time="0.015" /><testcase classname="backend.tests.test_analytics" name="test_unidades" time="0.015" /><testcase classname="backend.tests.test_analytics" name="test_map_data_complete" time="0.054" /><testcase classname="backend.tests.test_analytics" name="test_export_csv" time="0.028" /><testcase classname="backend.tests.test_analytics" name="test_export_xlsx" time="0.229" /><testcase classname="backend.tests.test_analytics" name="test_export_pdf" time="0.093" /><testcase classname="backend.tests.test_analytics" name="test_export_invalid_format" time="0.028" /><testcase classname="backend.tests.test_analytics" name="test_daily" time="0.015" /><testcase classname="backend.tests.test_analytics" name="test_heatmap_weekday" time="0.015" /><testcase classname="backend.tests.test_analytics" name="test_activities" time="0.014" /><testcase classname="backend.tests.test_analytics" name="test_monthly_12m" time="0.015" /><testcase classname="backend.tests.test_analytics" name="test_month_detail" time="0.030" /><testcase classname="backend.tests.test_analytics" name="test_kpis_filters_full" time="0.015" /><testcase classname="backend.tests.test_analytics" name="test_export_content_disposition" time="0.102" /></testsuite></testsuites>