<?xml version="1.0" encoding="utf-8"?><testsuites name="pytest tests"><testsuite name="pytest" errors="0" failures="0" skipped="0" tests="22" time="0.554" timestamp="2026-06-03T23:53:59.390891+00:00" hostname="agent-env-13dcdf1b-9247-49b0-922b-48b57c867a54"><testcase classname="backend.tests.test_analytics" name="test_kpis" time="0.016" /><testcase classname="backend.tests.test_analytics" name="test_kpis_filtered_unidade" time="0.015" /><testcase classname="backend.tests.test_analytics" name="test_weekly" time="0.014" /><testcase classname="backend.tests.test_analytics" name="test_unidades" time="0.014" /><testcase classname="backend.tests.test_analytics" name="test_map_data_complete" time="0.015" /><testcase classname="backend.tests.test_analytics" name="test_export_csv" time="0.027" /><testcase classname="backend.tests.test_analytics" name="test_export_xlsx" time="0.039" /><testcase classname="backend.tests.test_analytics" name="test_export_pdf" time="0.034" /><testcase classname="backend.tests.test_analytics" name="test_export_invalid_format" time="0.027" /><testcase classname="backend.tests.test_analytics" name="test_resumo_texto" time="0.015" /><testcase classname="backend.tests.test_analytics" name="test_resumo_filtrado" time="0.015" /><testcase classname="backend.tests.test_analytics" name="test_auto_report_config_get" time="0.002" /><testcase classname="backend.tests.test_analytics" name="test_auto_report_enable_and_schedule" time="0.003" /><testcase classname="backend.tests.test_analytics" name="test_auto_report_run_now_and_download" time="0.045" /><testcase classname="backend.tests.test_analytics" name="test_auto_report_download_404" time="0.001" /><testcase classname="backend.tests.test_analytics" name="test_daily" time="0.014" /><testcase classname="backend.tests.test_analytics" name="test_heatmap_weekday" time="0.015" /><testcase classname="backend.tests.test_analytics" name="test_activities" time="0.017" /><testcase classname="backend.tests.test_analytics" name="test_monthly_12m" time="0.014" /><testcase classname="backend.tests.test_analytics" name="test_month_detail" time="0.029" /><testcase classname="backend.tests.test_analytics" name="test_kpis_filters_full" time="0.015" /><testcase classname="backend.tests.test_analytics" name="test_export_content_disposition" time="0.099" /></testsuite></testsuites>