<?xml version="1.0" encoding="utf-8"?><testsuites name="pytest tests"><testsuite name="pytest" errors="0" failures="0" skipped="0" tests="19" time="5.939" timestamp="2026-06-03T03:33:52.907798+00:00" hostname="agent-env-f5da1b51-cefc-4413-b3e6-b3becc866f14"><testcase classname="backend.tests.test_sexta_feira.TestHealth" name="test_health" time="0.138" /><testcase classname="backend.tests.test_sexta_feira.TestHealth" name="test_status" time="0.047" /><testcase classname="backend.tests.test_sexta_feira.TestConfig" name="test_config" time="0.053" /><testcase classname="backend.tests.test_sexta_feira.TestChat" name="test_chat_distancia_casa_box" time="1.649" /><testcase classname="backend.tests.test_sexta_feira.TestChat" name="test_chat_pergunta_marca_espera" time="1.094" /><testcase classname="backend.tests.test_sexta_feira.TestChat" name="test_chat_empty_message" time="0.048" /><testcase classname="backend.tests.test_sexta_feira.TestTts" name="test_tts_synthesis" time="0.502" /><testcase classname="backend.tests.test_sexta_feira.TestTts" name="test_tts_voices" time="0.293" /><testcase classname="backend.tests.test_sexta_feira.TestTts" name="test_tts_empty_text" time="0.044" /><testcase classname="backend.tests.test_sexta_feira.TestRoutes" name="test_list_routes_filter" time="0.045" /><testcase classname="backend.tests.test_sexta_feira.TestRoutes" name="test_route_crud_full" time="0.268" /><testcase classname="backend.tests.test_sexta_feira.TestRoutes" name="test_route_update_404" time="0.046" /><testcase classname="backend.tests.test_sexta_feira.TestRoutes" name="test_route_delete_404" time="0.045" /><testcase classname="backend.tests.test_sexta_feira.TestReports" name="test_list_reports" time="0.052" /><testcase classname="backend.tests.test_sexta_feira.TestReports" name="test_report_crud_full" time="0.178" /><testcase classname="backend.tests.test_sexta_feira.TestMemory" name="test_get_memory" time="0.043" /><testcase classname="backend.tests.test_sexta_feira.TestLogs" name="test_logs" time="0.045" /><testcase classname="backend.tests.test_sexta_feira.TestCommands" name="test_command_aprender_rotas_skipped" time="0.062" /><testcase classname="backend.tests.test_sexta_feira.TestCommands" name="test_command_chat_freeform" time="1.220" /></testsuite></testsuites>