<?xml version="1.0" encoding="utf-8"?><testsuites name="pytest tests"><testsuite name="pytest" errors="0" failures="2" skipped="1" tests="22" time="31.315" timestamp="2026-06-03T04:00:21.247393+00:00" hostname="agent-env-f5da1b51-cefc-4413-b3e6-b3becc866f14"><testcase classname="backend.tests.test_v3_mavis.TestStatusV3" name="test_status_has_v3_fields" time="0.277" /><testcase classname="backend.tests.test_v3_mavis.TestStaticSkills" name="test_skills_catalog" time="0.044" /><testcase classname="backend.tests.test_v3_mavis.TestStaticSkills" name="test_system_info" time="0.456" /><testcase classname="backend.tests.test_v3_mavis.TestStaticSkills" name="test_news" time="1.289" /><testcase classname="backend.tests.test_v3_mavis.TestStaticSkills" name="test_weather" time="4.135" /><testcase classname="backend.tests.test_v3_mavis.TestLongMemory" name="test_create_fact" time="0.049" /><testcase classname="backend.tests.test_v3_mavis.TestLongMemory" name="test_list_fact_contains" time="0.043" /><testcase classname="backend.tests.test_v3_mavis.TestLongMemory" name="test_update_fact" time="0.090" /><testcase classname="backend.tests.test_v3_mavis.TestLongMemory" name="test_delete_fact" time="0.087" /><testcase classname="backend.tests.test_v3_mavis.TestReminders" name="test_create_reminder" time="0.047" /><testcase classname="backend.tests.test_v3_mavis.TestReminders" name="test_list_reminders" time="0.044" /><testcase classname="backend.tests.test_v3_mavis.TestReminders" name="test_create_natural" time="12.894"><failure message="AssertionError: {&quot;detail&quot;:&quot;Não consegui extrair lembrete da frase&quot;}&#10;assert 400 == 200&#10; +  where 400 = &lt;Response [400]&gt;.status_code">backend/tests/test_v3_mavis.py:157: in test_create_natural
    assert r.status_code == 200, r.text
E   AssertionError: {"detail":"Não consegui extrair lembrete da frase"}
E   assert 400 == 200
E    +  where 400 = &lt;Response [400]&gt;.status_code</failure></testcase><testcase classname="backend.tests.test_v3_mavis.TestReminders" name="test_cleanup_reminders" time="0.048" /><testcase classname="backend.tests.test_v3_mavis.TestVision" name="test_vision_analyze" time="2.814" /><testcase classname="backend.tests.test_v3_mavis.TestGoogle" name="test_google_status" time="0.048" /><testcase classname="backend.tests.test_v3_mavis.TestGoogle" name="test_google_calendar_today_no_creds" time="0.239" /><testcase classname="backend.tests.test_v3_mavis.TestChatIntents" name="test_intent_system_battery" time="1.853" /><testcase classname="backend.tests.test_v3_mavis.TestChatIntents" name="test_intent_reminder_create" time="4.806"><skipped type="pytest.skip" message="smart_extract não extraiu lembrete: {'error': &quot;Não entendi o lembrete. Tente: 'me lembra de X amanhã às 8h'.&quot;}">/app/backend/tests/test_v3_mavis.py:251: smart_extract não extraiu lembrete: {'error': "Não entendi o lembrete. Tente: 'me lembra de X amanhã às 8h'."}</skipped></testcase><testcase classname="backend.tests.test_v3_mavis.TestChatIntents" name="test_intent_memory_save_fact" time="1.549" /><testcase classname="backend.tests.test_v3_mavis.TestChatIntents" name="test_intent_fallback_route" time="0.174"><failure message="AssertionError: esperava 35 km. Got: Falha no cérebro neural: 429 RESOURCE_EXHAUSTED. {'error': {'code': 429, 'message': 'You exceeded your current quota, please check your plan and billing details. For more information on this error, head to: https://ai.google.dev/gemini-api/docs/rate-limits. To monitor your current usage, head to: https://ai.dev/rate-limit. \n* Quota exceeded for metric: generativelanguage.googleapis.com/generate_content_free_tier_requests, limit: 5, model: gemini-2.5-flash\nPlease retry in 7.748812266s.', 'status': 'RESOURCE_EXHAUSTED', 'details': [{'@type': 'type.googleapis.com/google.rpc.Help', 'links': [{'description': 'Learn more about Gemini API quotas', 'url': 'https://ai.google.dev/gemini-api/docs/rate-limits'}]}, {'@type': 'type.googleapis.com/google.rpc.QuotaFailure', 'violations': [{'quotaMetric': 'generativelanguage.googleapis.com/generate_content_free_tier_requests', 'quotaId': 'GenerateRequestsPerMinutePerProjectPerModel-FreeTier', 'quotaDimensions': {'location': 'global', 'model': 'gemini-2.5-flash'}, 'quotaValue': '5'}]}, {'@type': 'type.googleapis.com/google.rpc.RetryInfo', 'retryDelay': '7s'}]}}&#10;assert '35' in &quot;Falha no cérebro neural: 429 RESOURCE_EXHAUSTED. {'error': {'code': 429, 'message': 'You exceeded your current quota, please check your plan and billing details. For more information on this error, head to: https://ai.google.dev/gemini-api/docs/rate-limits. To monitor your current usage, head to: https://ai.dev/rate-limit. \\n* Quota exceeded for metric: generativelanguage.googleapis.com/generate_content_free_tier_requests, limit: 5, model: gemini-2.5-flash\\nPlease retry in 7.748812266s.', 'status': 'RESOURCE_EXHAUSTED', 'details': [{'@type': 'type.googleapis.com/google.rpc.Help', 'links': [{'description': 'Learn more about Gemini API quotas', 'url': 'https://ai.google.dev/gemini-api/docs/rate-limits'}]}, {'@type': 'type.googleapis.com/google.rpc.QuotaFailure', 'violations': [{'quotaMetric': 'generativelanguage.googleapis.com/generate_content_free_tier_requests', 'quotaId': 'GenerateRequestsPerMinutePerProjectPerModel-FreeTier', 'quotaDimensions': {'location': 'global', 'model': 'gemini-2.5-flash'}, 'quotaValue': '5'}]}, {'@type': 'type.googleapis.com/google.rpc.RetryInfo', 'retryDelay': '7s'}]}}&quot;">backend/tests/test_v3_mavis.py:277: in test_intent_fallback_route
    assert "35" in d["reply"], f"esperava 35 km. Got: {d['reply']}"
E   AssertionError: esperava 35 km. Got: Falha no cérebro neural: 429 RESOURCE_EXHAUSTED. {'error': {'code': 429, 'message': 'You exceeded your current quota, please check your plan and billing details. For more information on this error, head to: https://ai.google.dev/gemini-api/docs/rate-limits. To monitor your current usage, head to: https://ai.dev/rate-limit. \n* Quota exceeded for metric: generativelanguage.googleapis.com/generate_content_free_tier_requests, limit: 5, model: gemini-2.5-flash\nPlease retry in 7.748812266s.', 'status': 'RESOURCE_EXHAUSTED', 'details': [{'@type': 'type.googleapis.com/google.rpc.Help', 'links': [{'description': 'Learn more about Gemini API quotas', 'url': 'https://ai.google.dev/gemini-api/docs/rate-limits'}]}, {'@type': 'type.googleapis.com/google.rpc.QuotaFailure', 'violations': [{'quotaMetric': 'generativelanguage.googleapis.com/generate_content_free_tier_requests', 'quotaId': 'GenerateRequestsPerMinutePerProjectPerModel-FreeTier', 'quotaDimensions': {'location': 'global', 'model': 'gemini-2.5-flash'}, 'quotaValue': '5'}]}, {'@type': 'type.googleapis.com/google.rpc.RetryInfo', 'retryDelay': '7s'}]}}
E   assert '35' in "Falha no cérebro neural: 429 RESOURCE_EXHAUSTED. {'error': {'code': 429, 'message': 'You exceeded your current quota, please check your plan and billing details. For more information on this error, head to: https://ai.google.dev/gemini-api/docs/rate-limits. To monitor your current usage, head to: https://ai.dev/rate-limit. \\n* Quota exceeded for metric: generativelanguage.googleapis.com/generate_content_free_tier_requests, limit: 5, model: gemini-2.5-flash\\nPlease retry in 7.748812266s.', 'status': 'RESOURCE_EXHAUSTED', 'details': [{'@type': 'type.googleapis.com/google.rpc.Help', 'links': [{'description': 'Learn more about Gemini API quotas', 'url': 'https://ai.google.dev/gemini-api/docs/rate-limits'}]}, {'@type': 'type.googleapis.com/google.rpc.QuotaFailure', 'violations': [{'quotaMetric': 'generativelanguage.googleapis.com/generate_content_free_tier_requests', 'quotaId': 'GenerateRequestsPerMinutePerProjectPerModel-FreeTier', 'quotaDimensions': {'location': 'global', 'model': 'gemini-2.5-flash'}, 'quotaValue': '5'}]}, {'@type': 'type.googleapis.com/google.rpc.RetryInfo', 'retryDelay': '7s'}]}}"</failure></testcase><testcase classname="backend.tests.test_v3_mavis.TestChatIntents" name="test_cleanup_chat_artifacts" time="0.000" /><testcase classname="backend.tests.test_v3_mavis.TestConfigPersonality" name="test_patch_to_casual_and_revert" time="0.239" /></testsuite></testsuites>